<?xml version="1.0" encoding="UTF-8"?>
<!-- Generated by org.testng.reporters.JUnitReportReporter -->
<testsuite hostname="v-starchous-pc" failures="0" tests="1" name="my.prestashop.tests.FirstTest" time="30.200" errors="0" timestamp="2020-01-27T20:20:09 EET" skipped="0">
  <testcase classname="my.prestashop.tests.FirstTest" name="checkPriceCurrency" time="30.200"/>
  <system-out/>
</testsuite> <!-- my.prestashop.tests.FirstTest -->
