<?xml version="1.0" encoding="UTF-8"?>
<!-- Generated by org.testng.reporters.JUnitReportReporter -->
<testsuite hostname="v-starchous-pc" failures="0" tests="1" name="my.prestashop.tests.SecondTest" time="5.274" errors="0" timestamp="2020-01-27T20:20:09 EET" skipped="0">
  <testcase classname="my.prestashop.tests.SecondTest" name="checkSearch" time="5.274"/>
  <system-out/>
</testsuite> <!-- my.prestashop.tests.SecondTest -->
