<?xml version="1.0" encoding="UTF-8"?>
<!-- Generated by org.testng.reporters.JUnitReportReporter -->
<testsuite skipped="0" hostname="WINCTRL-4AF5CRO" name="my.prestashop.tests.FirstTest" tests="1" failures="0" timestamp="2020-01-26T21:05:25 EET" time="48.297" errors="0">
  <testcase name="checkPriceCurrency" time="48.297" classname="my.prestashop.tests.FirstTest"/>
  <system-out/>
</testsuite> <!-- my.prestashop.tests.FirstTest -->
